This file contains any messages produced by compilers while
running configure, to aid debugging if configure makes a mistake.

It was created by Google C++ Testing Framework configure 1.6.0, which was
generated by GNU Autoconf 2.69.  Invocation command line was

  $ ./configure --disable-option-checking --prefix=/usr/local/protobuf --cache-file=/dev/null --srcdir=.

## --------- ##
## Platform. ##
## --------- ##

hostname = LAPTOP-GNQ2T3GC
uname -m = x86_64
uname -r = 4.4.0-19041-Microsoft
uname -s = Linux
uname -v = #488-Microsoft Mon Sep 01 13:43:00 PST 2020

/usr/bin/uname -p = x86_64
/bin/uname -X     = unknown

/bin/arch              = x86_64
/usr/bin/arch -k       = unknown
/usr/convex/getsysinfo = unknown
/usr/bin/hostinfo      = unknown
/bin/machine           = unknown
/usr/bin/oslevel       = unknown
/bin/universe          = unknown

PATH: /home/essoz/.local/bin
PATH: /usr/local/sbin
PATH: /usr/local/bin
PATH: /usr/sbin
PATH: /usr/bin
PATH: /sbin
PATH: /bin
PATH: /usr/games
PATH: /usr/local/games
PATH: /mnt/d/Programs/Vmware/bin/
PATH: /mnt/c/Windows/system32
PATH: /mnt/c/Windows
PATH: /mnt/c/Windows/System32/Wbem
PATH: /mnt/c/Windows/System32/WindowsPowerShell/v1.0/
PATH: /mnt/c/Windows/System32/OpenSSH/
PATH: /mnt/d/Programs/Matlab/runtime/win64
PATH: /mnt/d/Programs/Matlab/bin
PATH: /mnt/c/Users/13982/AppData/Local/Microsoft/WindowsApps
PATH: /mnt/d/Programs/Microsoft VS Code/bin
PATH: /mnt/c/Users/13982/AppData/Local/Pandoc/
PATH: /mnt/c/Users/13982/AppData/Local/GitHubDesktop/bin
PATH: /mnt/d/Programs/SciTools/bin/pc-win64
PATH: /snap/bin
PATH: /home/essoz/.local/bin


## ----------- ##
## Core tests. ##
## ----------- ##

configure:2316: checking for a BSD-compatible install
configure:2384: result: /usr/bin/install -c
configure:2395: checking whether build environment is sane
configure:2450: result: yes
configure:2599: checking for a thread-safe mkdir -p
configure:2638: result: /usr/bin/mkdir -p
configure:2645: checking for gawk
configure:2661: found /usr/bin/gawk
configure:2672: result: gawk
configure:2683: checking whether make sets $(MAKE)
configure:2705: result: yes
configure:2734: checking whether make supports nested variables
configure:2751: result: yes
configure:2926: checking for gcc
configure:2942: found /usr/bin/gcc
configure:2953: result: gcc
configure:3182: checking for C compiler version
configure:3191: gcc --version >&5
gcc (Ubuntu 9.3.0-17ubuntu1~20.04) 9.3.0
Copyright (C) 2019 Free Software Foundation, Inc.
This is free software; see the source for copying conditions.  There is NO
warranty; not even for MERCHANTABILITY or FITNESS FOR A PARTICULAR PURPOSE.

configure:3202: $? = 0
configure:3191: gcc -v >&5
Using built-in specs.
COLLECT_GCC=gcc
COLLECT_LTO_WRAPPER=/usr/lib/gcc/x86_64-linux-gnu/9/lto-wrapper
OFFLOAD_TARGET_NAMES=nvptx-none:hsa
OFFLOAD_TARGET_DEFAULT=1
Target: x86_64-linux-gnu
Configured with: ../src/configure -v --with-pkgversion='Ubuntu 9.3.0-17ubuntu1~20.04' --with-bugurl=file:///usr/share/doc/gcc-9/README.Bugs --enable-languages=c,ada,c++,go,brig,d,fortran,objc,obj-c++,gm2 --prefix=/usr --with-gcc-major-version-only --program-suffix=-9 --program-prefix=x86_64-linux-gnu- --enable-shared --enable-linker-build-id --libexecdir=/usr/lib --without-included-gettext --enable-threads=posix --libdir=/usr/lib --enable-nls --enable-clocale=gnu --enable-libstdcxx-debug --enable-libstdcxx-time=yes --with-default-libstdcxx-abi=new --enable-gnu-unique-object --disable-vtable-verify --enable-plugin --enable-default-pie --with-system-zlib --with-target-system-zlib=auto --enable-objc-gc=auto --enable-multiarch --disable-werror --with-arch-32=i686 --with-abi=m64 --with-multilib-list=m32,m64,mx32 --enable-multilib --with-tune=generic --enable-offload-targets=nvptx-none=/build/gcc-9-HskZEa/gcc-9-9.3.0/debian/tmp-nvptx/usr,hsa --without-cuda-driver --enable-checking=release --build=x86_64-linux-gnu --host=x86_64-linux-gnu --target=x86_64-linux-gnu
Thread model: posix
gcc version 9.3.0 (Ubuntu 9.3.0-17ubuntu1~20.04) 
configure:3202: $? = 0
configure:3191: gcc -V >&5
gcc: error: unrecognized command line option '-V'
gcc: fatal error: no input files
compilation terminated.
configure:3202: $? = 1
configure:3191: gcc -qversion >&5
gcc: error: unrecognized command line option '-qversion'; did you mean '--version'?
gcc: fatal error: no input files
compilation terminated.
configure:3202: $? = 1
configure:3222: checking whether the C compiler works
configure:3244: gcc    conftest.c  >&5
configure:3248: $? = 0
configure:3296: result: yes
configure:3299: checking for C compiler default output file name
configure:3301: result: a.out
configure:3307: checking for suffix of executables
configure:3314: gcc -o conftest    conftest.c  >&5
configure:3318: $? = 0
configure:3340: result: 
configure:3362: checking whether we are cross compiling
configure:3370: gcc -o conftest    conftest.c  >&5
configure:3374: $? = 0
configure:3381: ./conftest
configure:3385: $? = 0
configure:3373: result: no
configure:3378: checking for suffix of object files
configure:3400: gcc -c   conftest.c >&5
configure:3404: $? = 0
configure:3425: result: o
configure:3429: checking whether we are using the GNU C compiler
configure:3448: gcc -c   conftest.c >&5
configure:3448: $? = 0
configure:3457: result: yes
configure:3466: checking whether gcc accepts -g
configure:3486: gcc -c -g  conftest.c >&5
configure:3486: $? = 0
configure:3527: result: yes
configure:3544: checking for gcc option to accept ISO C89
configure:3607: gcc  -c   conftest.c >&5
configure:3607: $? = 0
configure:3620: result: none needed
configure:3645: checking whether gcc understands -c and -o together
configure:3667: gcc -c conftest.c -o conftest2.o
configure:3670: $? = 0
configure:3667: gcc -c conftest.c -o conftest2.o
configure:3670: $? = 0
configure:3682: result: yes
configure:3710: checking for style of include used by make
configure:3738: result: GNU
configure:3764: checking dependency style of gcc
configure:3875: result: gcc3
configure:3948: checking for g++
configure:3964: found /usr/bin/g++
configure:3975: result: g++
configure:4002: checking for C++ compiler version
configure:4011: g++ --version >&5
g++ (Ubuntu 9.3.0-17ubuntu1~20.04) 9.3.0
Copyright (C) 2019 Free Software Foundation, Inc.
This is free software; see the source for copying conditions.  There is NO
warranty; not even for MERCHANTABILITY or FITNESS FOR A PARTICULAR PURPOSE.

configure:4022: $? = 0
configure:4011: g++ -v >&5
Using built-in specs.
COLLECT_GCC=g++
COLLECT_LTO_WRAPPER=/usr/lib/gcc/x86_64-linux-gnu/9/lto-wrapper
OFFLOAD_TARGET_NAMES=nvptx-none:hsa
OFFLOAD_TARGET_DEFAULT=1
Target: x86_64-linux-gnu
Configured with: ../src/configure -v --with-pkgversion='Ubuntu 9.3.0-17ubuntu1~20.04' --with-bugurl=file:///usr/share/doc/gcc-9/README.Bugs --enable-languages=c,ada,c++,go,brig,d,fortran,objc,obj-c++,gm2 --prefix=/usr --with-gcc-major-version-only --program-suffix=-9 --program-prefix=x86_64-linux-gnu- --enable-shared --enable-linker-build-id --libexecdir=/usr/lib --without-included-gettext --enable-threads=posix --libdir=/usr/lib --enable-nls --enable-clocale=gnu --enable-libstdcxx-debug --enable-libstdcxx-time=yes --with-default-libstdcxx-abi=new --enable-gnu-unique-object --disable-vtable-verify --enable-plugin --enable-default-pie --with-system-zlib --with-target-system-zlib=auto --enable-objc-gc=auto --enable-multiarch --disable-werror --with-arch-32=i686 --with-abi=m64 --with-multilib-list=m32,m64,mx32 --enable-multilib --with-tune=generic --enable-offload-targets=nvptx-none=/build/gcc-9-HskZEa/gcc-9-9.3.0/debian/tmp-nvptx/usr,hsa --without-cuda-driver --enable-checking=release --build=x86_64-linux-gnu --host=x86_64-linux-gnu --target=x86_64-linux-gnu
Thread model: posix
gcc version 9.3.0 (Ubuntu 9.3.0-17ubuntu1~20.04) 
configure:4022: $? = 0
configure:4011: g++ -V >&5
g++: error: unrecognized command line option '-V'
g++: fatal error: no input files
compilation terminated.
configure:4022: $? = 1
configure:4011: g++ -qversion >&5
g++: error: unrecognized command line option '-qversion'; did you mean '--version'?
g++: fatal error: no input files
compilation terminated.
configure:4022: $? = 1
configure:4026: checking whether we are using the GNU C++ compiler
configure:4045: g++ -c  -g -DNDEBUG  conftest.cpp >&5
configure:4045: $? = 0
configure:4054: result: yes
configure:4063: checking whether g++ accepts -g
configure:4083: g++ -c -g  conftest.cpp >&5
configure:4083: $? = 0
configure:4124: result: yes
configure:4149: checking dependency style of g++
configure:4260: result: gcc3
configure:4310: checking build system type
configure:4324: result: x86_64-unknown-linux-gnu
configure:4344: checking host system type
configure:4357: result: x86_64-unknown-linux-gnu
configure:4398: checking how to print strings
configure:4425: result: printf
configure:4446: checking for a sed that does not truncate output
configure:4510: result: /usr/bin/sed
configure:4528: checking for grep that handles long lines and -e
configure:4586: result: /usr/bin/grep
configure:4591: checking for egrep
configure:4653: result: /usr/bin/grep -E
configure:4658: checking for fgrep
configure:4720: result: /usr/bin/grep -F
configure:4755: checking for ld used by gcc
configure:4822: result: /usr/bin/ld
configure:4829: checking if the linker (/usr/bin/ld) is GNU ld
configure:4844: result: yes
configure:4856: checking for BSD- or MS-compatible name lister (nm)
configure:4905: result: /usr/bin/nm -B
configure:5035: checking the name lister (/usr/bin/nm -B) interface
configure:5042: g++ -c  -g -DNDEBUG  conftest.cpp >&5
configure:5045: /usr/bin/nm -B "conftest.o"
configure:5048: output
0000000000000000 B some_variable
configure:5049: result: BSD nm
configure:5052: checking whether ln -s works
configure:5056: result: yes
configure:5064: checking the maximum length of command line arguments
configure:5195: result: 1572864
configure:5212: checking whether the shell understands some XSI constructs
configure:5221: result: yes
configure:5225: checking whether the shell understands "+="
configure:5229: result: yes
configure:5264: checking how to convert x86_64-unknown-linux-gnu file names to x86_64-unknown-linux-gnu format
configure:5304: result: func_convert_file_noop
configure:5311: checking how to convert x86_64-unknown-linux-gnu file names to toolchain format
configure:5331: result: func_convert_file_noop
configure:5338: checking for /usr/bin/ld option to reload object files
configure:5345: result: -r
configure:5419: checking for objdump
configure:5435: found /usr/bin/objdump
configure:5446: result: objdump
configure:5478: checking how to recognize dependent libraries
configure:5676: result: pass_all
configure:5761: checking for dlltool
configure:5791: result: no
configure:5821: checking how to associate runtime and link libraries
configure:5848: result: printf %s\n
configure:5909: checking for ar
configure:5925: found /usr/bin/ar
configure:5936: result: ar
configure:5973: checking for archiver @FILE support
configure:5990: g++ -c  -g -DNDEBUG  conftest.cpp >&5
configure:5990: $? = 0
configure:5993: ar cru libconftest.a @conftest.lst >&5
ar: `u' modifier ignored since `D' is the default (see `U')
configure:5996: $? = 0
configure:6001: ar cru libconftest.a @conftest.lst >&5
ar: `u' modifier ignored since `D' is the default (see `U')
ar: conftest.o: No such file or directory
configure:6004: $? = 1
configure:6003: result: @
configure:6061: checking for strip
configure:6077: found /usr/bin/strip
configure:6088: result: strip
configure:6160: checking for ranlib
configure:6176: found /usr/bin/ranlib
configure:6187: result: ranlib
configure:6289: checking command to parse /usr/bin/nm -B output from gcc object
configure:6409: g++ -c  -g -DNDEBUG  conftest.cpp >&5
configure:6412: $? = 0
configure:6416: /usr/bin/nm -B conftest.o \| sed -n -e 's/^.*[ ]\([ABCDGIRSTW][ABCDGIRSTW]*\)[ ][ ]*\([_A-Za-z][_A-Za-z0-9]*\)$/\1 \2 \2/p' | sed '/ __gnu_lto/d' \> conftest.nm
configure:6419: $? = 0
configure:6485: g++ -o conftest  -g -DNDEBUG   conftest.cpp conftstm.o >&5
configure:6488: $? = 0
configure:6526: result: ok
configure:6563: checking for sysroot
configure:6593: result: no
configure:6671: g++ -c  -g -DNDEBUG  conftest.cpp >&5
configure:6674: $? = 0
configure:6863: checking for mt
configure:6879: found /usr/bin/mt
configure:6890: result: mt
configure:6913: checking if mt is a manifest tool
configure:6919: mt '-?'
configure:6927: result: no
configure:7569: checking how to run the C preprocessor
configure:7600: gcc -E  conftest.c
configure:7600: $? = 0
configure:7614: gcc -E  conftest.c
conftest.c:11:10: fatal error: ac_nonexistent.h: No such file or directory
   11 | #include <ac_nonexistent.h>
      |          ^~~~~~~~~~~~~~~~~~
compilation terminated.
configure:7614: $? = 1
configure: failed program was:
| /* confdefs.h */
| #define PACKAGE_NAME "Google C++ Testing Framework"
| #define PACKAGE_TARNAME "gtest"
| #define PACKAGE_VERSION "1.6.0"
| #define PACKAGE_STRING "Google C++ Testing Framework 1.6.0"
| #define PACKAGE_BUGREPORT "googletestframework@googlegroups.com"
| #define PACKAGE_URL ""
| #define PACKAGE "gtest"
| #define VERSION "1.6.0"
| /* end confdefs.h.  */
| #include <ac_nonexistent.h>
configure:7639: result: gcc -E
configure:7659: gcc -E  conftest.c
configure:7659: $? = 0
configure:7673: gcc -E  conftest.c
conftest.c:11:10: fatal error: ac_nonexistent.h: No such file or directory
   11 | #include <ac_nonexistent.h>
      |          ^~~~~~~~~~~~~~~~~~
compilation terminated.
configure:7673: $? = 1
configure: failed program was:
| /* confdefs.h */
| #define PACKAGE_NAME "Google C++ Testing Framework"
| #define PACKAGE_TARNAME "gtest"
| #define PACKAGE_VERSION "1.6.0"
| #define PACKAGE_STRING "Google C++ Testing Framework 1.6.0"
| #define PACKAGE_BUGREPORT "googletestframework@googlegroups.com"
| #define PACKAGE_URL ""
| #define PACKAGE "gtest"
| #define VERSION "1.6.0"
| /* end confdefs.h.  */
| #include <ac_nonexistent.h>
configure:7702: checking for ANSI C header files
configure:7722: gcc -c   conftest.c >&5
configure:7722: $? = 0
configure:7795: gcc -o conftest    conftest.c  >&5
configure:7795: $? = 0
configure:7795: ./conftest
configure:7795: $? = 0
configure:7806: result: yes
configure:7819: checking for sys/types.h
configure:7819: gcc -c   conftest.c >&5
configure:7819: $? = 0
configure:7819: result: yes
configure:7819: checking for sys/stat.h
configure:7819: gcc -c   conftest.c >&5
configure:7819: $? = 0
configure:7819: result: yes
configure:7819: checking for stdlib.h
configure:7819: gcc -c   conftest.c >&5
configure:7819: $? = 0
configure:7819: result: yes
configure:7819: checking for string.h
configure:7819: gcc -c   conftest.c >&5
configure:7819: $? = 0
configure:7819: result: yes
configure:7819: checking for memory.h
configure:7819: gcc -c   conftest.c >&5
configure:7819: $? = 0
configure:7819: result: yes
configure:7819: checking for strings.h
configure:7819: gcc -c   conftest.c >&5
configure:7819: $? = 0
configure:7819: result: yes
configure:7819: checking for inttypes.h
configure:7819: gcc -c   conftest.c >&5
configure:7819: $? = 0
configure:7819: result: yes
configure:7819: checking for stdint.h
configure:7819: gcc -c   conftest.c >&5
configure:7819: $? = 0
configure:7819: result: yes
configure:7819: checking for unistd.h
configure:7819: gcc -c   conftest.c >&5
configure:7819: $? = 0
configure:7819: result: yes
configure:7833: checking for dlfcn.h
configure:7833: gcc -c   conftest.c >&5
configure:7833: $? = 0
configure:7833: result: yes
configure:8049: checking for objdir
configure:8064: result: .libs
configure:8335: checking if gcc supports -fno-rtti -fno-exceptions
configure:8353: gcc -c   -fno-rtti -fno-exceptions conftest.c >&5
cc1: warning: command line option '-fno-rtti' is valid for C++/D/ObjC++ but not for C
configure:8357: $? = 0
configure:8370: result: no
configure:8697: checking for gcc option to produce PIC
configure:8704: result: -fPIC -DPIC
configure:8712: checking if gcc PIC flag -fPIC -DPIC works
configure:8730: gcc -c   -fPIC -DPIC -DPIC conftest.c >&5
configure:8734: $? = 0
configure:8747: result: yes
configure:8776: checking if gcc static flag -static works
configure:8804: result: yes
configure:8819: checking if gcc supports -c -o file.o
configure:8840: gcc -c   -o out/conftest2.o conftest.c >&5
configure:8844: $? = 0
configure:8866: result: yes
configure:8874: checking if gcc supports -c -o file.o
configure:8921: result: yes
configure:8954: checking whether the gcc linker (/usr/bin/ld -m elf_x86_64) supports shared libraries
configure:10111: result: yes
configure:10148: checking whether -lc should be explicitly linked in
configure:10156: gcc -c   conftest.c >&5
configure:10159: $? = 0
configure:10174: gcc -shared  -fPIC -DPIC conftest.o  -v -Wl,-soname -Wl,conftest -o conftest 2\>\&1 \| /usr/bin/grep  -lc  \>/dev/null 2\>\&1
configure:10177: $? = 0
configure:10191: result: no
configure:10351: checking dynamic linker characteristics
configure:10851: gcc -o conftest    -Wl,-rpath -Wl,/foo conftest.c  >&5
configure:10851: $? = 0
configure:11085: result: GNU/Linux ld.so
configure:11192: checking how to hardcode library paths into programs
configure:11217: result: immediate
configure:11757: checking whether stripping libraries is possible
configure:11762: result: yes
configure:11797: checking if libtool supports shared libraries
configure:11799: result: yes
configure:11802: checking whether to build shared libraries
configure:11823: result: yes
configure:11826: checking whether to build static libraries
configure:11830: result: yes
configure:8858: checking how to run the C++ preprocessor
configure:8885: g++ -E  conftest.cpp
configure:8885: $? = 0
configure:8899: g++ -E  conftest.cpp
conftest.cpp:23:10: fatal error: ac_nonexistent.h: No such file or directory
   23 | #include <ac_nonexistent.h>
      |          ^~~~~~~~~~~~~~~~~~
compilation terminated.
configure:8899: $? = 1
configure: failed program was:
| /* confdefs.h */
| #define PACKAGE_NAME "Google C++ Testing Framework"
| #define PACKAGE_TARNAME "gtest"
| #define PACKAGE_VERSION "1.6.0"
| #define PACKAGE_STRING "Google C++ Testing Framework 1.6.0"
| #define PACKAGE_BUGREPORT "googletestframework@googlegroups.com"
| #define PACKAGE_URL ""
| #define PACKAGE "gtest"
| #define VERSION "1.6.0"
| #define STDC_HEADERS 1
| #define HAVE_SYS_TYPES_H 1
| #define HAVE_SYS_STAT_H 1
| #define HAVE_STDLIB_H 1
| #define HAVE_STRING_H 1
| #define HAVE_MEMORY_H 1
| #define HAVE_STRINGS_H 1
| #define HAVE_INTTYPES_H 1
| #define HAVE_STDINT_H 1
| #define HAVE_UNISTD_H 1
| #define HAVE_DLFCN_H 1
| #define LT_OBJDIR ".libs/"
| /* end confdefs.h.  */
| #include <ac_nonexistent.h>
configure:8924: result: g++ -E
configure:8944: g++ -E  conftest.cpp
configure:8944: $? = 0
configure:8958: g++ -E  conftest.cpp
conftest.cpp:23:10: fatal error: ac_nonexistent.h: No such file or directory
   23 | #include <ac_nonexistent.h>
      |          ^~~~~~~~~~~~~~~~~~
compilation terminated.
configure:8958: $? = 1
configure: failed program was:
| /* confdefs.h */
| #define PACKAGE_NAME "Google C++ Testing Framework"
| #define PACKAGE_TARNAME "gtest"
| #define PACKAGE_VERSION "1.6.0"
| #define PACKAGE_STRING "Google C++ Testing Framework 1.6.0"
| #define PACKAGE_BUGREPORT "googletestframework@googlegroups.com"
| #define PACKAGE_URL ""
| #define PACKAGE "gtest"
| #define VERSION "1.6.0"
| #define STDC_HEADERS 1
| #define HAVE_SYS_TYPES_H 1
| #define HAVE_SYS_STAT_H 1
| #define HAVE_STDLIB_H 1
| #define HAVE_STRING_H 1
| #define HAVE_MEMORY_H 1
| #define HAVE_STRINGS_H 1
| #define HAVE_INTTYPES_H 1
| #define HAVE_STDINT_H 1
| #define HAVE_UNISTD_H 1
| #define HAVE_DLFCN_H 1
| #define LT_OBJDIR ".libs/"
| /* end confdefs.h.  */
| #include <ac_nonexistent.h>
configure:9127: checking for ld used by g++
configure:9194: result: /usr/bin/ld -m elf_x86_64
configure:9201: checking if the linker (/usr/bin/ld -m elf_x86_64) is GNU ld
configure:9216: result: yes
configure:9271: checking whether the g++ linker (/usr/bin/ld -m elf_x86_64) supports shared libraries
configure:10273: result: yes
configure:10309: g++ -c  -g -DNDEBUG  conftest.cpp >&5
configure:10312: $? = 0
configure:10832: checking for g++ option to produce PIC
configure:10839: result: -fPIC -DPIC
configure:10847: checking if g++ PIC flag -fPIC -DPIC works
configure:10865: g++ -c  -g -DNDEBUG  -fPIC -DPIC -DPIC conftest.cpp >&5
configure:10869: $? = 0
configure:10882: result: yes
configure:10905: checking if g++ static flag -static works
configure:10933: result: yes
configure:10945: checking if g++ supports -c -o file.o
configure:10966: g++ -c  -g -DNDEBUG  -o out/conftest2.o conftest.cpp >&5
configure:10970: $? = 0
configure:10992: result: yes
configure:10997: checking if g++ supports -c -o file.o
configure:11044: result: yes
configure:11074: checking whether the g++ linker (/usr/bin/ld -m elf_x86_64) supports shared libraries
configure:11113: result: yes
configure:11254: checking dynamic linker characteristics
configure:11922: result: GNU/Linux ld.so
configure:11975: checking how to hardcode library paths into programs
configure:12000: result: immediate
configure:11006: checking for python
configure:11024: found /usr/bin/python
configure:11037: result: /usr/bin/python
configure:11055: /usr/bin/python -c import sys # split strings by '.' and convert to numeric. Append some zeros # because we need at least 4 digits for the hex conversion. # map returns an iterator in Python 3.0 and a list in 2.x minver = list(map(int, '2.3'.split('.'))) + [0, 0, 0] minverhex = 0 # xrange is not present in Python 3.0 and range returns an iterator for i in list(range(0, 4)): minverhex = (minverhex << 8) + minver[i] sys.exit(sys.hexversion < minverhex)
configure:11058: $? = 0
configure:11251: checking for the pthreads library -lpthreads
configure:11284: gcc -o conftest     conftest.c -lpthreads  >&5
conftest.c: In function 'main':
conftest.c:28:22: warning: null argument where non-null required (argument 1) [-Wnonnull]
   28 |                      pthread_attr_init(0); pthread_cleanup_push(0, 0);
      |                      ^~~~~~~~~~~~~~~~~
conftest.c:29:22: warning: null argument where non-null required (argument 1) [-Wnonnull]
   29 |                      pthread_create(0,0,0,0); pthread_cleanup_pop(0);
      |                      ^~~~~~~~~~~~~~
conftest.c:29:22: warning: null argument where non-null required (argument 3) [-Wnonnull]
/usr/bin/ld: cannot find -lpthreads
collect2: error: ld returned 1 exit status
configure:11284: $? = 1
configure: failed program was:
| /* confdefs.h */
| #define PACKAGE_NAME "Google C++ Testing Framework"
| #define PACKAGE_TARNAME "gtest"
| #define PACKAGE_VERSION "1.6.0"
| #define PACKAGE_STRING "Google C++ Testing Framework 1.6.0"
| #define PACKAGE_BUGREPORT "googletestframework@googlegroups.com"
| #define PACKAGE_URL ""
| #define PACKAGE "gtest"
| #define VERSION "1.6.0"
| #define STDC_HEADERS 1
| #define HAVE_SYS_TYPES_H 1
| #define HAVE_SYS_STAT_H 1
| #define HAVE_STDLIB_H 1
| #define HAVE_STRING_H 1
| #define HAVE_MEMORY_H 1
| #define HAVE_STRINGS_H 1
| #define HAVE_INTTYPES_H 1
| #define HAVE_STDINT_H 1
| #define HAVE_UNISTD_H 1
| #define HAVE_DLFCN_H 1
| #define LT_OBJDIR ".libs/"
| /* end confdefs.h.  */
| #include <pthread.h>
| int
| main ()
| {
| pthread_t th; pthread_join(th, 0);
|                      pthread_attr_init(0); pthread_cleanup_push(0, 0);
|                      pthread_create(0,0,0,0); pthread_cleanup_pop(0);
|   ;
|   return 0;
| }
configure:11293: result: no
configure:11196: checking whether pthreads work without any flags
configure:11284: gcc -o conftest     conftest.c   >&5
conftest.c: In function 'main':
conftest.c:28:22: warning: null argument where non-null required (argument 1) [-Wnonnull]
   28 |                      pthread_attr_init(0); pthread_cleanup_push(0, 0);
      |                      ^~~~~~~~~~~~~~~~~
conftest.c:29:22: warning: null argument where non-null required (argument 1) [-Wnonnull]
   29 |                      pthread_create(0,0,0,0); pthread_cleanup_pop(0);
      |                      ^~~~~~~~~~~~~~
conftest.c:29:22: warning: null argument where non-null required (argument 3) [-Wnonnull]
/usr/bin/ld: /tmp/cclkoCRa.o: in function `main':
conftest.c:(.text+0x2b): undefined reference to `pthread_join'
/usr/bin/ld: conftest.c:(.text+0x98): undefined reference to `__pthread_register_cancel'
/usr/bin/ld: conftest.c:(.text+0xb1): undefined reference to `pthread_create'
/usr/bin/ld: conftest.c:(.text+0xbd): undefined reference to `__pthread_unregister_cancel'
collect2: error: ld returned 1 exit status
configure:11284: $? = 1
configure: failed program was:
| /* confdefs.h */
| #define PACKAGE_NAME "Google C++ Testing Framework"
| #define PACKAGE_TARNAME "gtest"
| #define PACKAGE_VERSION "1.6.0"
| #define PACKAGE_STRING "Google C++ Testing Framework 1.6.0"
| #define PACKAGE_BUGREPORT "googletestframework@googlegroups.com"
| #define PACKAGE_URL ""
| #define PACKAGE "gtest"
| #define VERSION "1.6.0"
| #define STDC_HEADERS 1
| #define HAVE_SYS_TYPES_H 1
| #define HAVE_SYS_STAT_H 1
| #define HAVE_STDLIB_H 1
| #define HAVE_STRING_H 1
| #define HAVE_MEMORY_H 1
| #define HAVE_STRINGS_H 1
| #define HAVE_INTTYPES_H 1
| #define HAVE_STDINT_H 1
| #define HAVE_UNISTD_H 1
| #define HAVE_DLFCN_H 1
| #define LT_OBJDIR ".libs/"
| /* end confdefs.h.  */
| #include <pthread.h>
| int
| main ()
| {
| pthread_t th; pthread_join(th, 0);
|                      pthread_attr_init(0); pthread_cleanup_push(0, 0);
|                      pthread_create(0,0,0,0); pthread_cleanup_pop(0);
|   ;
|   return 0;
| }
configure:11293: result: no
configure:11201: checking whether pthreads work with -Kthread
configure:11284: gcc -o conftest  -Kthread   conftest.c   >&5
gcc: error: unrecognized command line option '-Kthread'; did you mean '-pthread'?
configure:11284: $? = 1
configure: failed program was:
| /* confdefs.h */
| #define PACKAGE_NAME "Google C++ Testing Framework"
| #define PACKAGE_TARNAME "gtest"
| #define PACKAGE_VERSION "1.6.0"
| #define PACKAGE_STRING "Google C++ Testing Framework 1.6.0"
| #define PACKAGE_BUGREPORT "googletestframework@googlegroups.com"
| #define PACKAGE_URL ""
| #define PACKAGE "gtest"
| #define VERSION "1.6.0"
| #define STDC_HEADERS 1
| #define HAVE_SYS_TYPES_H 1
| #define HAVE_SYS_STAT_H 1
| #define HAVE_STDLIB_H 1
| #define HAVE_STRING_H 1
| #define HAVE_MEMORY_H 1
| #define HAVE_STRINGS_H 1
| #define HAVE_INTTYPES_H 1
| #define HAVE_STDINT_H 1
| #define HAVE_UNISTD_H 1
| #define HAVE_DLFCN_H 1
| #define LT_OBJDIR ".libs/"
| /* end confdefs.h.  */
| #include <pthread.h>
| int
| main ()
| {
| pthread_t th; pthread_join(th, 0);
|                      pthread_attr_init(0); pthread_cleanup_push(0, 0);
|                      pthread_create(0,0,0,0); pthread_cleanup_pop(0);
|   ;
|   return 0;
| }
configure:11293: result: no
configure:11201: checking whether pthreads work with -kthread
configure:11284: gcc -o conftest  -kthread   conftest.c   >&5
gcc: error: unrecognized command line option '-kthread'; did you mean '-pthread'?
configure:11284: $? = 1
configure: failed program was:
| /* confdefs.h */
| #define PACKAGE_NAME "Google C++ Testing Framework"
| #define PACKAGE_TARNAME "gtest"
| #define PACKAGE_VERSION "1.6.0"
| #define PACKAGE_STRING "Google C++ Testing Framework 1.6.0"
| #define PACKAGE_BUGREPORT "googletestframework@googlegroups.com"
| #define PACKAGE_URL ""
| #define PACKAGE "gtest"
| #define VERSION "1.6.0"
| #define STDC_HEADERS 1
| #define HAVE_SYS_TYPES_H 1
| #define HAVE_SYS_STAT_H 1
| #define HAVE_STDLIB_H 1
| #define HAVE_STRING_H 1
| #define HAVE_MEMORY_H 1
| #define HAVE_STRINGS_H 1
| #define HAVE_INTTYPES_H 1
| #define HAVE_STDINT_H 1
| #define HAVE_UNISTD_H 1
| #define HAVE_DLFCN_H 1
| #define LT_OBJDIR ".libs/"
| /* end confdefs.h.  */
| #include <pthread.h>
| int
| main ()
| {
| pthread_t th; pthread_join(th, 0);
|                      pthread_attr_init(0); pthread_cleanup_push(0, 0);
|                      pthread_create(0,0,0,0); pthread_cleanup_pop(0);
|   ;
|   return 0;
| }
configure:11293: result: no
configure:11251: checking for the pthreads library -llthread
configure:11284: gcc -o conftest     conftest.c -llthread  >&5
conftest.c: In function 'main':
conftest.c:28:22: warning: null argument where non-null required (argument 1) [-Wnonnull]
   28 |                      pthread_attr_init(0); pthread_cleanup_push(0, 0);
      |                      ^~~~~~~~~~~~~~~~~
conftest.c:29:22: warning: null argument where non-null required (argument 1) [-Wnonnull]
   29 |                      pthread_create(0,0,0,0); pthread_cleanup_pop(0);
      |                      ^~~~~~~~~~~~~~
conftest.c:29:22: warning: null argument where non-null required (argument 3) [-Wnonnull]
/usr/bin/ld: cannot find -llthread
collect2: error: ld returned 1 exit status
configure:11284: $? = 1
configure: failed program was:
| /* confdefs.h */
| #define PACKAGE_NAME "Google C++ Testing Framework"
| #define PACKAGE_TARNAME "gtest"
| #define PACKAGE_VERSION "1.6.0"
| #define PACKAGE_STRING "Google C++ Testing Framework 1.6.0"
| #define PACKAGE_BUGREPORT "googletestframework@googlegroups.com"
| #define PACKAGE_URL ""
| #define PACKAGE "gtest"
| #define VERSION "1.6.0"
| #define STDC_HEADERS 1
| #define HAVE_SYS_TYPES_H 1
| #define HAVE_SYS_STAT_H 1
| #define HAVE_STDLIB_H 1
| #define HAVE_STRING_H 1
| #define HAVE_MEMORY_H 1
| #define HAVE_STRINGS_H 1
| #define HAVE_INTTYPES_H 1
| #define HAVE_STDINT_H 1
| #define HAVE_UNISTD_H 1
| #define HAVE_DLFCN_H 1
| #define LT_OBJDIR ".libs/"
| /* end confdefs.h.  */
| #include <pthread.h>
| int
| main ()
| {
| pthread_t th; pthread_join(th, 0);
|                      pthread_attr_init(0); pthread_cleanup_push(0, 0);
|                      pthread_create(0,0,0,0); pthread_cleanup_pop(0);
|   ;
|   return 0;
| }
configure:11293: result: no
configure:11201: checking whether pthreads work with -pthread
configure:11284: gcc -o conftest  -pthread   conftest.c   >&5
conftest.c: In function 'main':
conftest.c:28:22: warning: null argument where non-null required (argument 1) [-Wnonnull]
   28 |                      pthread_attr_init(0); pthread_cleanup_push(0, 0);
      |                      ^~~~~~~~~~~~~~~~~
conftest.c:29:22: warning: null argument where non-null required (argument 1) [-Wnonnull]
   29 |                      pthread_create(0,0,0,0); pthread_cleanup_pop(0);
      |                      ^~~~~~~~~~~~~~
conftest.c:29:22: warning: null argument where non-null required (argument 3) [-Wnonnull]
configure:11284: $? = 0
configure:11293: result: yes
configure:11312: checking for joinable pthread attribute
configure:11327: gcc -o conftest  -pthread   conftest.c   >&5
configure:11327: $? = 0
configure:11333: result: PTHREAD_CREATE_JOINABLE
configure:11343: checking if more special flags are required for pthreads
configure:11350: result: no
configure:11439: checking whether to check for GCC pthread/shared inconsistencies
configure:11452: gcc -o conftest -shared -fPIC -Wl,-z,defs  -pthread   conftest.c   >&5
configure:11452: $? = 0
configure:11464: result: yes
configure:11470: checking whether -pthread is sufficient with -shared
configure:11485: gcc -o conftest -shared -fPIC -Wl,-z,defs  -pthread   conftest.c   >&5
conftest.c: In function 'main':
conftest.c:28:8: warning: null argument where non-null required (argument 1) [-Wnonnull]
   28 |        pthread_attr_init(0); pthread_cleanup_push(0, 0);
      |        ^~~~~~~~~~~~~~~~~
conftest.c:29:8: warning: null argument where non-null required (argument 1) [-Wnonnull]
   29 |        pthread_create(0,0,0,0); pthread_cleanup_pop(0);
      |        ^~~~~~~~~~~~~~
conftest.c:29:8: warning: null argument where non-null required (argument 3) [-Wnonnull]
configure:11485: $? = 0
configure:11492: result: yes
configure:11733: checking that generated files are newer than configure
configure:11739: result: done
configure:11774: creating ./config.status

## ---------------------- ##
## Running config.status. ##
## ---------------------- ##

This file was extended by Google C++ Testing Framework config.status 1.6.0, which was
generated by GNU Autoconf 2.69.  Invocation command line was

  CONFIG_FILES    = 
  CONFIG_HEADERS  = 
  CONFIG_LINKS    = 
  CONFIG_COMMANDS = 
  $ ./config.status 

on LAPTOP-GNQ2T3GC

config.status:1150: creating Makefile
config.status:1150: creating scripts/gtest-config
config.status:1150: creating build-aux/config.h
config.status:1379: executing depfiles commands
config.status:1379: executing libtool commands

## ---------------- ##
## Cache variables. ##
## ---------------- ##

ac_cv_build=x86_64-unknown-linux-gnu
ac_cv_c_compiler_gnu=yes
ac_cv_cxx_compiler_gnu=yes
ac_cv_env_CCC_set=
ac_cv_env_CCC_value=
ac_cv_env_CC_set=
ac_cv_env_CC_value=
ac_cv_env_CFLAGS_set=set
ac_cv_env_CFLAGS_value=
ac_cv_env_CPPFLAGS_set=
ac_cv_env_CPPFLAGS_value=
ac_cv_env_CPP_set=
ac_cv_env_CPP_value=
ac_cv_env_CXXCPP_set=
ac_cv_env_CXXCPP_value=
ac_cv_env_CXXFLAGS_set=set
ac_cv_env_CXXFLAGS_value=' -g -DNDEBUG'
ac_cv_env_CXX_set=
ac_cv_env_CXX_value=
ac_cv_env_LDFLAGS_set=
ac_cv_env_LDFLAGS_value=
ac_cv_env_LIBS_set=
ac_cv_env_LIBS_value=
ac_cv_env_build_alias_set=
ac_cv_env_build_alias_value=
ac_cv_env_host_alias_set=
ac_cv_env_host_alias_value=
ac_cv_env_target_alias_set=
ac_cv_env_target_alias_value=
ac_cv_header_dlfcn_h=yes
ac_cv_header_inttypes_h=yes
ac_cv_header_memory_h=yes
ac_cv_header_stdc=yes
ac_cv_header_stdint_h=yes
ac_cv_header_stdlib_h=yes
ac_cv_header_string_h=yes
ac_cv_header_strings_h=yes
ac_cv_header_sys_stat_h=yes
ac_cv_header_sys_types_h=yes
ac_cv_header_unistd_h=yes
ac_cv_host=x86_64-unknown-linux-gnu
ac_cv_objext=o
ac_cv_path_EGREP='/usr/bin/grep -E'
ac_cv_path_FGREP='/usr/bin/grep -F'
ac_cv_path_GREP=/usr/bin/grep
ac_cv_path_PYTHON=/usr/bin/python
ac_cv_path_SED=/usr/bin/sed
ac_cv_path_install='/usr/bin/install -c'
ac_cv_path_mkdir=/usr/bin/mkdir
ac_cv_prog_AWK=gawk
ac_cv_prog_CPP='gcc -E'
ac_cv_prog_CXXCPP='g++ -E'
ac_cv_prog_ac_ct_AR=ar
ac_cv_prog_ac_ct_CC=gcc
ac_cv_prog_ac_ct_CXX=g++
ac_cv_prog_ac_ct_MANIFEST_TOOL=mt
ac_cv_prog_ac_ct_OBJDUMP=objdump
ac_cv_prog_ac_ct_RANLIB=ranlib
ac_cv_prog_ac_ct_STRIP=strip
ac_cv_prog_cc_c89=
ac_cv_prog_cc_g=yes
ac_cv_prog_cxx_g=yes
ac_cv_prog_make_make_set=yes
am_cv_CC_dependencies_compiler_type=gcc3
am_cv_CXX_dependencies_compiler_type=gcc3
am_cv_make_support_nested_variables=yes
am_cv_prog_cc_c_o=yes
lt_cv_ar_at_file=@
lt_cv_archive_cmds_need_lc=no
lt_cv_deplibs_check_method=pass_all
lt_cv_file_magic_cmd='$MAGIC_CMD'
lt_cv_file_magic_test_file=
lt_cv_ld_reload_flag=-r
lt_cv_nm_interface='BSD nm'
lt_cv_objdir=.libs
lt_cv_path_LD=/usr/bin/ld
lt_cv_path_LDCXX='/usr/bin/ld -m elf_x86_64'
lt_cv_path_NM='/usr/bin/nm -B'
lt_cv_path_mainfest_tool=no
lt_cv_prog_compiler_c_o=yes
lt_cv_prog_compiler_c_o_CXX=yes
lt_cv_prog_compiler_pic='-fPIC -DPIC'
lt_cv_prog_compiler_pic_CXX='-fPIC -DPIC'
lt_cv_prog_compiler_pic_works=yes
lt_cv_prog_compiler_pic_works_CXX=yes
lt_cv_prog_compiler_rtti_exceptions=no
lt_cv_prog_compiler_static_works=yes
lt_cv_prog_compiler_static_works_CXX=yes
lt_cv_prog_gnu_ld=yes
lt_cv_prog_gnu_ldcxx=yes
lt_cv_sharedlib_from_linklib_cmd='printf %s\n'
lt_cv_shlibpath_overrides_runpath=yes
lt_cv_sys_global_symbol_pipe='sed -n -e '\''s/^.*[	 ]\([ABCDGIRSTW][ABCDGIRSTW]*\)[	 ][	 ]*\([_A-Za-z][_A-Za-z0-9]*\)$/\1 \2 \2/p'\'' | sed '\''/ __gnu_lto/d'\'''
lt_cv_sys_global_symbol_to_c_name_address='sed -n -e '\''s/^: \([^ ]*\)[ ]*$/  {\"\1\", (void *) 0},/p'\'' -e '\''s/^[ABCDGIRSTW]* \([^ ]*\) \([^ ]*\)$/  {"\2", (void *) \&\2},/p'\'''
lt_cv_sys_global_symbol_to_c_name_address_lib_prefix='sed -n -e '\''s/^: \([^ ]*\)[ ]*$/  {\"\1\", (void *) 0},/p'\'' -e '\''s/^[ABCDGIRSTW]* \([^ ]*\) \(lib[^ ]*\)$/  {"\2", (void *) \&\2},/p'\'' -e '\''s/^[ABCDGIRSTW]* \([^ ]*\) \([^ ]*\)$/  {"lib\2", (void *) \&\2},/p'\'''
lt_cv_sys_global_symbol_to_cdecl='sed -n -e '\''s/^T .* \(.*\)$/extern int \1();/p'\'' -e '\''s/^[ABCDGIRSTW]* .* \(.*\)$/extern char \1;/p'\'''
lt_cv_sys_max_cmd_len=1572864
lt_cv_to_host_file_cmd=func_convert_file_noop
lt_cv_to_tool_file_cmd=func_convert_file_noop

## ----------------- ##
## Output variables. ##
## ----------------- ##

ACLOCAL='${SHELL} /home/essoz/gitrepo/protobuf-2.6.1/gtest/build-aux/missing aclocal-1.14'
AMDEPBACKSLASH='\'
AMDEP_FALSE='#'
AMDEP_TRUE=''
AMTAR='$${TAR-tar}'
AM_BACKSLASH='\'
AM_DEFAULT_V='$(AM_DEFAULT_VERBOSITY)'
AM_DEFAULT_VERBOSITY='1'
AM_V='$(V)'
AR='ar'
AUTOCONF='${SHELL} /home/essoz/gitrepo/protobuf-2.6.1/gtest/build-aux/missing autoconf'
AUTOHEADER='${SHELL} /home/essoz/gitrepo/protobuf-2.6.1/gtest/build-aux/missing autoheader'
AUTOMAKE='${SHELL} /home/essoz/gitrepo/protobuf-2.6.1/gtest/build-aux/missing automake-1.14'
AWK='gawk'
CC='gcc'
CCDEPMODE='depmode=gcc3'
CFLAGS=''
CPP='gcc -E'
CPPFLAGS=''
CXX='g++'
CXXCPP='g++ -E'
CXXDEPMODE='depmode=gcc3'
CXXFLAGS=' -g -DNDEBUG'
CYGPATH_W='echo'
DEFS='-DHAVE_CONFIG_H'
DEPDIR='.deps'
DLLTOOL='false'
DSYMUTIL=''
DUMPBIN=''
ECHO_C=''
ECHO_N='-n'
ECHO_T=''
EGREP='/usr/bin/grep -E'
EXEEXT=''
FGREP='/usr/bin/grep -F'
GREP='/usr/bin/grep'
HAVE_PTHREADS_FALSE='#'
HAVE_PTHREADS_TRUE=''
HAVE_PYTHON_FALSE='#'
HAVE_PYTHON_TRUE=''
INSTALL_DATA='${INSTALL} -m 644'
INSTALL_PROGRAM='${INSTALL}'
INSTALL_SCRIPT='${INSTALL}'
INSTALL_STRIP_PROGRAM='$(install_sh) -c -s'
LD='/usr/bin/ld -m elf_x86_64'
LDFLAGS=''
LIBOBJS=''
LIBS=''
LIBTOOL='$(SHELL) $(top_builddir)/libtool'
LIPO=''
LN_S='ln -s'
LTLIBOBJS=''
MAKEINFO='${SHELL} /home/essoz/gitrepo/protobuf-2.6.1/gtest/build-aux/missing makeinfo'
MANIFEST_TOOL=':'
MKDIR_P='/usr/bin/mkdir -p'
NM='/usr/bin/nm -B'
NMEDIT=''
OBJDUMP='objdump'
OBJEXT='o'
OTOOL64=''
OTOOL=''
PACKAGE='gtest'
PACKAGE_BUGREPORT='googletestframework@googlegroups.com'
PACKAGE_NAME='Google C++ Testing Framework'
PACKAGE_STRING='Google C++ Testing Framework 1.6.0'
PACKAGE_TARNAME='gtest'
PACKAGE_URL=''
PACKAGE_VERSION='1.6.0'
PATH_SEPARATOR=':'
PTHREAD_CC='gcc'
PTHREAD_CFLAGS='-pthread'
PTHREAD_LIBS=''
PYTHON='/usr/bin/python'
RANLIB='ranlib'
SED='/usr/bin/sed'
SET_MAKE=''
SHELL='/bin/bash'
STRIP='strip'
VERSION='1.6.0'
ac_ct_AR='ar'
ac_ct_CC='gcc'
ac_ct_CXX='g++'
ac_ct_DUMPBIN=''
acx_pthread_config=''
am__EXEEXT_FALSE=''
am__EXEEXT_TRUE='#'
am__fastdepCC_FALSE='#'
am__fastdepCC_TRUE=''
am__fastdepCXX_FALSE='#'
am__fastdepCXX_TRUE=''
am__include='include'
am__isrc=''
am__leading_dot='.'
am__nodep='_no'
am__quote=''
am__tar='$${TAR-tar} chof - "$$tardir"'
am__untar='$${TAR-tar} xf -'
bindir='${exec_prefix}/bin'
build='x86_64-unknown-linux-gnu'
build_alias=''
build_cpu='x86_64'
build_os='linux-gnu'
build_vendor='unknown'
datadir='${datarootdir}'
datarootdir='${prefix}/share'
docdir='${datarootdir}/doc/${PACKAGE_TARNAME}'
dvidir='${docdir}'
exec_prefix='${prefix}'
host='x86_64-unknown-linux-gnu'
host_alias=''
host_cpu='x86_64'
host_os='linux-gnu'
host_vendor='unknown'
htmldir='${docdir}'
includedir='${prefix}/include'
infodir='${datarootdir}/info'
install_sh='${SHELL} /home/essoz/gitrepo/protobuf-2.6.1/gtest/build-aux/install-sh'
libdir='${exec_prefix}/lib'
libexecdir='${exec_prefix}/libexec'
localedir='${datarootdir}/locale'
localstatedir='${prefix}/var'
mandir='${datarootdir}/man'
mkdir_p='$(MKDIR_P)'
oldincludedir='/usr/include'
pdfdir='${docdir}'
prefix='/usr/local/protobuf'
program_transform_name='s,x,x,'
psdir='${docdir}'
sbindir='${exec_prefix}/sbin'
sharedstatedir='${prefix}/com'
sysconfdir='${prefix}/etc'
target_alias=''

## ----------- ##
## confdefs.h. ##
## ----------- ##

/* confdefs.h */
#define PACKAGE_NAME "Google C++ Testing Framework"
#define PACKAGE_TARNAME "gtest"
#define PACKAGE_VERSION "1.6.0"
#define PACKAGE_STRING "Google C++ Testing Framework 1.6.0"
#define PACKAGE_BUGREPORT "googletestframework@googlegroups.com"
#define PACKAGE_URL ""
#define PACKAGE "gtest"
#define VERSION "1.6.0"
#define STDC_HEADERS 1
#define HAVE_SYS_TYPES_H 1
#define HAVE_SYS_STAT_H 1
#define HAVE_STDLIB_H 1
#define HAVE_STRING_H 1
#define HAVE_MEMORY_H 1
#define HAVE_STRINGS_H 1
#define HAVE_INTTYPES_H 1
#define HAVE_STDINT_H 1
#define HAVE_UNISTD_H 1
#define HAVE_DLFCN_H 1
#define LT_OBJDIR ".libs/"
#define HAVE_PTHREAD 1

configure: exit 0
